<?xml version="1.0" encoding="UTF-8" ?>
<testsuite tests="2" failures="0" name="com.basic.GoogleTest.RunnerFirstGoogleTest" time="0.833" errors="2" skipped="0">
  <properties>
[...]
</properties>
  <testcase classname="Validate  google" name="18.validate Google up and running" time="0.487">
    <error message="org/testng/Assert" type="java.lang.NoClassDefFoundError">java.lang.NoClassDefFoundError: org/testng/Assert
	at com.basic.GoogleTest.FirstGoogleTestSD.youcheckifitsupandrunning(FirstGoogleTestSD.java:34)
	at ✽.you check if its up and running(file:///C:/Users/vikra/workspace/CucumberRestAssured/src/test/resources/com/basic/GoogleTest/FirstGoogleTestFF.feature:6)
Caused by: java.lang.ClassNotFoundException: org.testng.Assert
	at java.net.URLClassLoader.findClass(Unknown Source)
	at java.lang.ClassLoader.loadClass(Unknown Source)
	at sun.misc.Launcher$AppClassLoader.loadClass(Unknown Source)
	at java.lang.ClassLoader.loadClass(Unknown Source)
	at com.basic.GoogleTest.FirstGoogleTestSD.youcheckifitsupandrunning(FirstGoogleTestSD.java:34)
	at sun.reflect.NativeMethodAccessorImpl.invoke0(Native Method)
	at sun.reflect.NativeMethodAccessorImpl.invoke(Unknown Source)
	at sun.reflect.DelegatingMethodAccessorImpl.invoke(Unknown Source)
	at java.lang.reflect.Method.invoke(Unknown Source)
	at io.cucumber.java.Invoker.invoke(Invoker.java:27)
	at io.cucumber.java.JavaStepDefinition.execute(JavaStepDefinition.java:27)
	at io.cucumber.core.runner.PickleStepDefinitionMatch.runStep(PickleStepDefinitionMatch.java:63)
	at io.cucumber.core.runner.TestStep.executeStep(TestStep.java:64)
	at io.cucumber.core.runner.TestStep.run(TestStep.java:49)
	at io.cucumber.core.runner.PickleStepTestStep.run(PickleStepTestStep.java:46)
	at io.cucumber.core.runner.TestCase.run(TestCase.java:51)
	at io.cucumber.core.runner.Runner.runPickle(Runner.java:67)
	at io.cucumber.junit.PickleRunners$NoStepDescriptions.run(PickleRunners.java:149)
	at io.cucumber.junit.FeatureRunner.runChild(FeatureRunner.java:83)
	at io.cucumber.junit.FeatureRunner.runChild(FeatureRunner.java:24)
	at org.junit.runners.ParentRunner$3.run(ParentRunner.java:290)
	at org.junit.runners.ParentRunner$1.schedule(ParentRunner.java:71)
	at org.junit.runners.ParentRunner.runChildren(ParentRunner.java:288)
	at org.junit.runners.ParentRunner.access$000(ParentRunner.java:58)
	at org.junit.runners.ParentRunner$2.evaluate(ParentRunner.java:268)
	at org.junit.runners.ParentRunner.run(ParentRunner.java:363)
	at io.cucumber.junit.Cucumber.runChild(Cucumber.java:185)
	at io.cucumber.junit.Cucumber.runChild(Cucumber.java:83)
	at org.junit.runners.ParentRunner$3.run(ParentRunner.java:290)
	at org.junit.runners.ParentRunner$1.schedule(ParentRunner.java:71)
	at org.junit.runners.ParentRunner.runChildren(ParentRunner.java:288)
	at org.junit.runners.ParentRunner.access$000(ParentRunner.java:58)
	at org.junit.runners.ParentRunner$2.evaluate(ParentRunner.java:268)
	at io.cucumber.junit.Cucumber$RunCucumber.evaluate(Cucumber.java:219)
	at org.junit.runners.ParentRunner.run(ParentRunner.java:363)
	at org.apache.maven.surefire.junit4.JUnit4Provider.execute(JUnit4Provider.java:252)
	at org.apache.maven.surefire.junit4.JUnit4Provider.executeTestSet(JUnit4Provider.java:141)
	at org.apache.maven.surefire.junit4.JUnit4Provider.invoke(JUnit4Provider.java:112)
	at sun.reflect.NativeMethodAccessorImpl.invoke0(Native Method)
	at sun.reflect.NativeMethodAccessorImpl.invoke(Unknown Source)
	at sun.reflect.DelegatingMethodAccessorImpl.invoke(Unknown Source)
	at java.lang.reflect.Method.invoke(Unknown Source)
	at org.apache.maven.surefire.util.ReflectionUtils.invokeMethodWithArray(ReflectionUtils.java:189)
	at org.apache.maven.surefire.booter.ProviderFactory$ProviderProxy.invoke(ProviderFactory.java:165)
	at org.apache.maven.surefire.booter.ProviderFactory.invokeProvider(ProviderFactory.java:85)
	at org.apache.maven.surefire.booter.ForkedBooter.runSuitesInProcess(ForkedBooter.java:115)
	at org.apache.maven.surefire.booter.ForkedBooter.main(ForkedBooter.java:75)
</error>
    <system-out>
Failed scenarios:
file:///C:/Users/vikra/workspace/CucumberRestAssured/src/test/resources/com/basic/GetWithTags/GetRequestWithTags.feature:18# 34.validate Get Request values with parameters
file:///C:/Users/vikra/workspace/CucumberRestAssured/src/test/resources/com/basic/GetWithTags/GetRequestWithTags.feature:25# 4.validate Get Request values with parameters

2 Scenarios (2 failed)
8 Steps (2 failed, 6 passed)
0m1.573s


java.lang.AssertionError
	at org.junit.Assert.fail(Assert.java:86)
	at org.junit.Assert.assertTrue(Assert.java:41)
	at org.junit.Assert.assertTrue(Assert.java:52)
	at com.basic.GetWithTags.GetWithParametersSD.you_check_for_title_at_value(GetWithParametersSD.java:36)
	at ?.you check for title &quot;ABCD&quot; at &quot;books[3].title&quot; value(file:///C:/Users/vikra/workspace/CucumberRestAssured/src/test/resources/com/basic/GetWithTags/GetRequestWithTags.feature:22)

java.lang.AssertionError
	at org.junit.Assert.fail(Assert.java:86)
	at org.junit.Assert.assertTrue(Assert.java:41)
	at org.junit.Assert.assertTrue(Assert.java:52)
	at com.basic.GetWithTags.GetWithParametersSD.you_check_for_title_at_value(GetWithParametersSD.java:36)
	at ?.you check for title &quot;ABCD&quot; at &quot;books[3].title&quot; value(file:///C:/Users/vikra/workspace/CucumberRestAssured/src/test/resources/com/basic/GetWithTags/GetRequestWithTags.feature:29)



Scenario: 18.validate Google up and running &amp;#27;[90m# src/test/resources/com/basic/GoogleTest/FirstGoogleTestFF.feature:3&amp;#27;[0m
Google link available
  &amp;#27;[32mGiven &amp;#27;[0m&amp;#27;[32myou have google website link&amp;#27;[0m        &amp;#27;[90m# com.basic.GoogleTest.FirstGoogleTestSD.you_have_google_website_link()&amp;#27;[0m
Hi Google URl
  &amp;#27;[32mWhen &amp;#27;[0m&amp;#27;[32myou hit application url&amp;#27;[0m              &amp;#27;[90m# com.basic.GoogleTest.FirstGoogleTestSD.you_hit_application_url()&amp;#27;[0m
validate response status code
Status code = 200
Application Up and running
  &amp;#27;[31mThen &amp;#27;[0m&amp;#27;[31myou check if its up and running&amp;#27;[0m      &amp;#27;[90m# com.basic.GoogleTest.FirstGoogleTestSD.youcheckifitsupandrunning()&amp;#27;[0m
      &amp;#27;[31mjava.lang.NoClassDefFoundError: org/testng/Assert
	at com.basic.GoogleTest.FirstGoogleTestSD.youcheckifitsupandrunning(FirstGoogleTestSD.java:34)
	at ?.you check if its up and running(file:///C:/Users/vikra/workspace/CucumberRestAssured/src/test/resources/com/basic/GoogleTest/FirstGoogleTestFF.feature:6)
Caused by: java.lang.ClassNotFoundException: org.testng.Assert
	at java.net.URLClassLoader.findClass(Unknown Source)
	at java.lang.ClassLoader.loadClass(Unknown Source)
	at sun.misc.Launcher$AppClassLoader.loadClass(Unknown Source)
	at java.lang.ClassLoader.loadClass(Unknown Source)
	at com.basic.GoogleTest.FirstGoogleTestSD.youcheckifitsupandrunning(FirstGoogleTestSD.java:34)
	at sun.reflect.NativeMethodAccessorImpl.invoke0(Native Method)
	at sun.reflect.NativeMethodAccessorImpl.invoke(Unknown Source)
	at sun.reflect.DelegatingMethodAccessorImpl.invoke(Unknown Source)
	at java.lang.reflect.Method.invoke(Unknown Source)
	at io.cucumber.java.Invoker.invoke(Invoker.java:27)
	at io.cucumber.java.JavaStepDefinition.execute(JavaStepDefinition.java:27)
	at io.cucumber.core.runner.PickleStepDefinitionMatch.runStep(PickleStepDefinitionMatch.java:63)
	at io.cucumber.core.runner.TestStep.executeStep(TestStep.java:64)
	at io.cucumber.core.runner.TestStep.run(TestStep.java:49)
	at io.cucumber.core.runner.PickleStepTestStep.run(PickleStepTestStep.java:46)
	at io.cucumber.core.runner.TestCase.run(TestCase.java:51)
	at io.cucumber.core.runner.Runner.runPickle(Runner.java:67)
	at io.cucumber.junit.PickleRunners$NoStepDescriptions.run(PickleRunners.java:149)
	at io.cucumber.junit.FeatureRunner.runChild(FeatureRunner.java:83)
	at io.cucumber.junit.FeatureRunner.runChild(FeatureRunner.java:24)
	at org.junit.runners.ParentRunner$3.run(ParentRunner.java:290)
	at org.junit.runners.ParentRunner$1.schedule(ParentRunner.java:71)
	at org.junit.runners.ParentRunner.runChildren(ParentRunner.java:288)
	at org.junit.runners.ParentRunner.access$000(ParentRunner.java:58)
	at org.junit.runners.ParentRunner$2.evaluate(ParentRunner.java:268)
	at org.junit.runners.ParentRunner.run(ParentRunner.java:363)
	at io.cucumber.junit.Cucumber.runChild(Cucumber.java:185)
	at io.cucumber.junit.Cucumber.runChild(Cucumber.java:83)
	at org.junit.runners.ParentRunner$3.run(ParentRunner.java:290)
	at org.junit.runners.ParentRunner$1.schedule(ParentRunner.java:71)
	at org.junit.runners.ParentRunner.runChildren(ParentRunner.java:288)
	at org.junit.runners.ParentRunner.access$000(ParentRunner.java:58)
	at org.junit.runners.ParentRunner$2.evaluate(ParentRunner.java:268)
	at io.cucumber.junit.Cucumber$RunCucumber.evaluate(Cucumber.java:219)
	at org.junit.runners.ParentRunner.run(ParentRunner.java:363)
	at org.apache.maven.surefire.junit4.JUnit4Provider.execute(JUnit4Provider.java:252)
	at org.apache.maven.surefire.junit4.JUnit4Provider.executeTestSet(JUnit4Provider.java:141)
	at org.apache.maven.surefire.junit4.JUnit4Provider.invoke(JUnit4Provider.java:112)
	at sun.reflect.NativeMethodAccessorImpl.invoke0(Native Method)
	at sun.reflect.NativeMethodAccessorImpl.invoke(Unknown Source)
	at sun.reflect.DelegatingMethodAccessorImpl.invoke(Unknown Source)
	at java.lang.reflect.Method.invoke(Unknown Source)
	at org.apache.maven.surefire.util.ReflectionUtils.invokeMethodWithArray(ReflectionUtils.java:189)
	at org.apache.maven.surefire.booter.ProviderFactory$ProviderProxy.invoke(ProviderFactory.java:165)
	at org.apache.maven.surefire.booter.ProviderFactory.invokeProvider(ProviderFactory.java:85)
	at org.apache.maven.surefire.booter.ForkedBooter.runSuitesInProcess(ForkedBooter.java:115)
	at org.apache.maven.surefire.booter.ForkedBooter.main(ForkedBooter.java:75)
&amp;#27;[0m
</system-out>
    <system-err>Jan 23, 2021 11:42:25 AM io.cucumber.junit.Cucumber &lt;init&gt;
WARNING: By default Cucumber is running in --non-strict mode.
This default will change to --strict and --non-strict will be removed.
You can use --strict or @CucumberOptions(strict = true) to suppress this warning
</system-err>
  </testcase>
  <testcase classname="Validate  google" name="28.validate Google up and running" time="0.346">
    <error message="org/testng/Assert" type="java.lang.NoClassDefFoundError">java.lang.NoClassDefFoundError: org/testng/Assert
	at com.basic.GoogleTest.FirstGoogleTestSD.youcheckifitsupandrunning(FirstGoogleTestSD.java:34)
	at ✽.you check if its up and running(file:///C:/Users/vikra/workspace/CucumberRestAssured/src/test/resources/com/basic/GoogleTest/FirstGoogleTestFF.feature:11)
</error>
    <system-out>
Scenario: 28.validate Google up and running &amp;#27;[90m# src/test/resources/com/basic/GoogleTest/FirstGoogleTestFF.feature:8&amp;#27;[0m
Google link available
  &amp;#27;[32mGiven &amp;#27;[0m&amp;#27;[32myou have google website link&amp;#27;[0m        &amp;#27;[90m# com.basic.GoogleTest.FirstGoogleTestSD.you_have_google_website_link()&amp;#27;[0m
Hi Google URl
  &amp;#27;[32mWhen &amp;#27;[0m&amp;#27;[32myou hit application url&amp;#27;[0m              &amp;#27;[90m# com.basic.GoogleTest.FirstGoogleTestSD.you_hit_application_url()&amp;#27;[0m
validate response status code
Status code = 200
Application Up and running
  &amp;#27;[31mThen &amp;#27;[0m&amp;#27;[31myou check if its up and running&amp;#27;[0m      &amp;#27;[90m# com.basic.GoogleTest.FirstGoogleTestSD.youcheckifitsupandrunning()&amp;#27;[0m
      &amp;#27;[31mjava.lang.NoClassDefFoundError: org/testng/Assert
	at com.basic.GoogleTest.FirstGoogleTestSD.youcheckifitsupandrunning(FirstGoogleTestSD.java:34)
	at ?.you check if its up and running(file:///C:/Users/vikra/workspace/CucumberRestAssured/src/test/resources/com/basic/GoogleTest/FirstGoogleTestFF.feature:11)
&amp;#27;[0m
</system-out>
  </testcase>
</testsuite>