<?xml version="1.0" encoding="UTF-8" ?>
<testsuite tests="3" failures="1" name="com.basic.GetWithParameters.RunnerGetWithParametersTest" time="2.495" errors="0" skipped="0">
  <properties>
[...]
</properties>
  <testcase classname="Google test for parameters" name="1.validate Get Request values" time="0.792"/>
  <testcase classname="Google test for parameters" name="2.validate Get Request values with parameters" time="0.848"/>
  <testcase classname="Google test for parameters" name="3.validate Get Request values with parameters" time="0.855">
    <failure type="java.lang.AssertionError">java.lang.AssertionError
	at org.junit.Assert.fail(Assert.java:86)
	at org.junit.Assert.assertTrue(Assert.java:41)
	at org.junit.Assert.assertTrue(Assert.java:52)
	at com.basic.GetWithParameters.GetWithParametersSD.you_check_for_title_at_value(GetWithParametersSD.java:36)
	at ✽.you check for title &quot;ABCD&quot; at &quot;books[3].title&quot; value(file:///C:/Users/vikra/workspace/CucumberRestAssured/src/test/resources/com/basic/GetWithParameters/GetRequestWithParameters.feature:20)
</failure>
    <system-out>
Scenario: 3.validate Get Request values with parameters                                          # src/test/resources/com/basic/GetWithParameters/GetRequestWithParameters.feature:16
  Given Get response from bookstore application                                                  # com.basic.GetWithParameters.GetWithParametersSD.get_response_from_bookstore_application()
  When you request for Get response                                                              # com.basic.GetWithParameters.GetWithParametersSD.you_request_for_Get_response()
  Then you check for title &quot;Designing Evolvable Web APIs with ASP.NET&quot; at &quot;books[2].title&quot; value # com.basic.GetWithParameters.GetWithParametersSD.you_check_for_title_at_value(java.lang.String,java.lang.String)
  Then you check for title &quot;ABCD&quot; at &quot;books[3].title&quot; value                                      # com.basic.GetWithParameters.GetWithParametersSD.you_check_for_title_at_value(java.lang.String,java.lang.String)
      java.lang.AssertionError
	at org.junit.Assert.fail(Assert.java:86)
	at org.junit.Assert.assertTrue(Assert.java:41)
	at org.junit.Assert.assertTrue(Assert.java:52)
	at com.basic.GetWithParameters.GetWithParametersSD.you_check_for_title_at_value(GetWithParametersSD.java:36)
	at ?.you check for title &quot;ABCD&quot; at &quot;books[3].title&quot; value(file:///C:/Users/vikra/workspace/CucumberRestAssured/src/test/resources/com/basic/GetWithParameters/GetRequestWithParameters.feature:20)

</system-out>
  </testcase>
</testsuite>